Start testing: Apr 18 00:33 UTC
----------------------------------------------------------
1/4 Testing: TestInsert
1/4 Test: TestInsert
Command: "/workspaces/ex2-heap-JaoVitorGomes/build/tests/test1"
Directory: /workspaces/ex2-heap-JaoVitorGomes/build
"TestInsert" start time: Apr 18 00:33 UTC
Output:
----------------------------------------------------------
Inserindo 4:


Inserindo 3:


Inserindo 20:


Inserindo 1:


Inserindo 52:


Inserindo 6:


Inserindo 80:


Inserindo 8:


Inserindo 98:


Inserindo 10:


<end of output>
Test time =   0.00 sec
----------------------------------------------------------
Test Passed.
"TestInsert" end time: Apr 18 00:33 UTC
"TestInsert" time elapsed: 00:00:00
----------------------------------------------------------

2/4 Testing: TestFindMax
2/4 Test: TestFindMax
Command: "/workspaces/ex2-heap-JaoVitorGomes/build/tests/test2"
Directory: /workspaces/ex2-heap-JaoVitorGomes/build
"TestFindMax" start time: Apr 18 00:33 UTC
Output:
----------------------------------------------------------
Inserindo 4:
Inserindo 3:
Inserindo 20:
Inserindo 1:
Inserindo 52:
Inserindo 6:
Inserindo 80:
Inserindo 8:
Inserindo 98:
Inserindo 10:
O maior elemento da heap eh: 0
<end of output>
Test time =   0.00 sec
----------------------------------------------------------
Test Failed.
"TestFindMax" end time: Apr 18 00:33 UTC
"TestFindMax" time elapsed: 00:00:00
----------------------------------------------------------

3/4 Testing: TestRemoveMax
3/4 Test: TestRemoveMax
Command: "/workspaces/ex2-heap-JaoVitorGomes/build/tests/test3"
Directory: /workspaces/ex2-heap-JaoVitorGomes/build
"TestRemoveMax" start time: Apr 18 00:33 UTC
Output:
----------------------------------------------------------
Removendo o maior elemento da heap: -285175768
<end of output>
Test time =   0.00 sec
----------------------------------------------------------
Test Failed.
"TestRemoveMax" end time: Apr 18 00:33 UTC
"TestRemoveMax" time elapsed: 00:00:00
----------------------------------------------------------

4/4 Testing: TestMerge
4/4 Test: TestMerge
Command: "/workspaces/ex2-heap-JaoVitorGomes/build/tests/test4"
Directory: /workspaces/ex2-heap-JaoVitorGomes/build
"TestMerge" start time: Apr 18 00:33 UTC
Output:
----------------------------------------------------------

<end of output>
Test time =   0.00 sec
----------------------------------------------------------
Test Passed.
"TestMerge" end time: Apr 18 00:33 UTC
"TestMerge" time elapsed: 00:00:00
----------------------------------------------------------

End testing: Apr 18 00:33 UTC
